<?xml version="1.0" encoding="UTF-8"?>
<coverage generated="1691142640612" clover="3.2.0">
  <project timestamp="1691142640612" name="All files">
    <metrics statements="12" coveredstatements="12" conditionals="4" coveredconditionals="4" methods="6" coveredmethods="6" elements="22" coveredelements="22" complexity="0" loc="12" ncloc="12" packages="1" files="3" classes="3"/>
    <file name="exercise-1.js" path="C:\Users\kamra\Desktop\git_exercise\javascript-exam-2\src\exercise-1.js">
      <metrics statements="2" coveredstatements="2" conditionals="0" coveredconditionals="0" methods="2" coveredmethods="2"/>
      <line num="1" count="1" type="stmt"/>
      <line num="2" count="9" type="stmt"/>
    </file>
    <file name="exercise-2.js" path="C:\Users\kamra\Desktop\git_exercise\javascript-exam-2\src\exercise-2.js">
      <metrics statements="4" coveredstatements="4" conditionals="0" coveredconditionals="0" methods="3" coveredmethods="3"/>
      <line num="1" count="1" type="stmt"/>
      <line num="3" count="5" type="stmt"/>
      <line num="4" count="1" type="stmt"/>
      <line num="5" count="1" type="stmt"/>
    </file>
    <file name="exercise-3.js" path="C:\Users\kamra\Desktop\git_exercise\javascript-exam-2\src\exercise-3.js">
      <metrics statements="6" coveredstatements="6" conditionals="4" coveredconditionals="4" methods="1" coveredmethods="1"/>
      <line num="1" count="1" type="stmt"/>
      <line num="2" count="4" type="cond" truecount="2" falsecount="0"/>
      <line num="3" count="1" type="stmt"/>
      <line num="6" count="3" type="cond" truecount="2" falsecount="0"/>
      <line num="7" count="2" type="stmt"/>
      <line num="11" count="1" type="stmt"/>
    </file>
  </project>
</coverage>
