{"C:\\Users\\kamra\\Desktop\\git_exercise\\javascript-exam-2\\src\\exercise-1.js": {"path":"C:\\Users\\kamra\\Desktop\\git_exercise\\javascript-exam-2\\src\\exercise-1.js","statementMap":{"0":{"start":{"line":1,"column":23},"end":{"line":3,"column":1}},"1":{"start":{"line":2,"column":2},"end":{"line":2,"column":54}},"2":{"start":{"line":2,"column":31},"end":{"line":2,"column":52}}},"fnMap":{"0":{"name":"(anonymous_0)","decl":{"start":{"line":1,"column":23},"end":{"line":1,"column":24}},"loc":{"start":{"line":1,"column":43},"end":{"line":3,"column":1}},"line":1},"1":{"name":"(anonymous_1)","decl":{"start":{"line":2,"column":23},"end":{"line":2,"column":24}},"loc":{"start":{"line":2,"column":31},"end":{"line":2,"column":52}},"line":2}},"branchMap":{},"s":{"0":1,"1":2,"2":9},"f":{"0":2,"1":9},"b":{},"_coverageSchema":"1a1c01bbd47fc00a2c39e90264f33305004495a9","hash":"31b62bfbff2965ed3bba6637d71e4f9405907a25"}
,"C:\\Users\\kamra\\Desktop\\git_exercise\\javascript-exam-2\\src\\exercise-2.js": {"path":"C:\\Users\\kamra\\Desktop\\git_exercise\\javascript-exam-2\\src\\exercise-2.js","statementMap":{"0":{"start":{"line":1,"column":26},"end":{"line":6,"column":1}},"1":{"start":{"line":3,"column":23},"end":{"line":3,"column":67}},"2":{"start":{"line":3,"column":50},"end":{"line":3,"column":66}},"3":{"start":{"line":4,"column":2},"end":{"line":4,"column":37}},"4":{"start":{"line":4,"column":30},"end":{"line":4,"column":35}},"5":{"start":{"line":5,"column":2},"end":{"line":5,"column":25}}},"fnMap":{"0":{"name":"(anonymous_0)","decl":{"start":{"line":1,"column":26},"end":{"line":1,"column":27}},"loc":{"start":{"line":1,"column":39},"end":{"line":6,"column":1}},"line":1},"1":{"name":"(anonymous_1)","decl":{"start":{"line":3,"column":38},"end":{"line":3,"column":39}},"loc":{"start":{"line":3,"column":50},"end":{"line":3,"column":66}},"line":3},"2":{"name":"(anonymous_2)","decl":{"start":{"line":4,"column":20},"end":{"line":4,"column":21}},"loc":{"start":{"line":4,"column":30},"end":{"line":4,"column":35}},"line":4}},"branchMap":{},"s":{"0":1,"1":1,"2":5,"3":1,"4":1,"5":1},"f":{"0":1,"1":5,"2":1},"b":{},"_coverageSchema":"1a1c01bbd47fc00a2c39e90264f33305004495a9","hash":"2b0a5c1abb682d3b5ed2e1bff916240cf0225a51"}
,"C:\\Users\\kamra\\Desktop\\git_exercise\\javascript-exam-2\\src\\exercise-3.js": {"path":"C:\\Users\\kamra\\Desktop\\git_exercise\\javascript-exam-2\\src\\exercise-3.js","statementMap":{"0":{"start":{"line":1,"column":22},"end":{"line":13,"column":1}},"1":{"start":{"line":2,"column":2},"end":{"line":12,"column":3}},"2":{"start":{"line":3,"column":4},"end":{"line":3,"column":16}},"3":{"start":{"line":6,"column":7},"end":{"line":12,"column":3}},"4":{"start":{"line":7,"column":4},"end":{"line":7,"column":25}},"5":{"start":{"line":11,"column":4},"end":{"line":11,"column":24}}},"fnMap":{"0":{"name":"(anonymous_0)","decl":{"start":{"line":1,"column":22},"end":{"line":1,"column":23}},"loc":{"start":{"line":1,"column":34},"end":{"line":13,"column":1}},"line":1}},"branchMap":{"0":{"loc":{"start":{"line":2,"column":2},"end":{"line":12,"column":3}},"type":"if","locations":[{"start":{"line":2,"column":2},"end":{"line":12,"column":3}},{"start":{"line":6,"column":7},"end":{"line":12,"column":3}}],"line":2},"1":{"loc":{"start":{"line":6,"column":7},"end":{"line":12,"column":3}},"type":"if","locations":[{"start":{"line":6,"column":7},"end":{"line":12,"column":3}},{"start":{"line":10,"column":7},"end":{"line":12,"column":3}}],"line":6}},"s":{"0":1,"1":4,"2":1,"3":3,"4":2,"5":1},"f":{"0":4},"b":{"0":[1,3],"1":[2,1]},"_coverageSchema":"1a1c01bbd47fc00a2c39e90264f33305004495a9","hash":"7963461a17179128a12f9c2ac47d10643606d65f"}
}
